=== SLURM JOB STARTED ===
Date: Tue May 13 11:00:56 CEST 2025
Running on node: iris-177
Job ID: 4124868
Job directory: /mnt/aiongpfs/users/mgiorgi/workspace/GNN_Notebooks
Current directory: /home/users/mgiorgi/workspace/GNN_Notebooks
Loaded modules:

Currently Loaded Modules:
  1) env/release/default (S)

  Where:
   S:  Module is Sticky, requires --force to unload or purge

 

The following modules were not unloaded:
  (Use "module --force purge" to unload all):

  1) env/release/default

Lmod is automatically replacing "env/release/default" with "env/legacy/2020b".

Activating virtualenv...
Python path: /mnt/aiongpfs/users/mgiorgi/venv_aion/bin/python3
Python 3.8.6
Checking GPU availability...
Tue May 13 11:00:58 2025       
+-----------------------------------------------------------------------------------------+
| NVIDIA-SMI 565.57.01              Driver Version: 565.57.01      CUDA Version: 12.7     |
|-----------------------------------------+------------------------+----------------------+
| GPU  Name                 Persistence-M | Bus-Id          Disp.A | Volatile Uncorr. ECC |
| Fan  Temp   Perf          Pwr:Usage/Cap |           Memory-Usage | GPU-Util  Compute M. |
|                                         |                        |               MIG M. |
|=========================================+========================+======================|
|   0  Tesla V100-SXM2-16GB           On  |   00000000:1C:00.0 Off |                    0 |
| N/A   39C    P0             43W /  300W |       1MiB /  16384MiB |      0%      Default |
|                                         |                        |                  N/A |
+-----------------------------------------+------------------------+----------------------+
                                                                                         
+-----------------------------------------------------------------------------------------+
| Processes:                                                                              |
|  GPU   GI   CI        PID   Type   Process name                              GPU Memory |
|        ID   ID                                                               Usage      |
|=========================================================================================|
|  No running processes found                                                             |
+-----------------------------------------------------------------------------------------+
CUDA available: True
CUDA device: Tesla V100-SXM2-16GB
Launching Python script...
Requirement already satisfied: torch in /mnt/aiongpfs/users/mgiorgi/venv_aion/lib/python3.8/site-packages (2.4.1)
Requirement already satisfied: torch-geometric in /mnt/aiongpfs/users/mgiorgi/venv_aion/lib/python3.8/site-packages (2.6.1)
Requirement already satisfied: scikit-learn in /mnt/aiongpfs/users/mgiorgi/venv_aion/lib/python3.8/site-packages (1.3.2)
Requirement already satisfied: pandas in /mnt/aiongpfs/users/mgiorgi/venv_aion/lib/python3.8/site-packages (2.0.3)
Requirement already satisfied: shapely in /mnt/aiongpfs/users/mgiorgi/venv_aion/lib/python3.8/site-packages (2.0.7)
Requirement already satisfied: seaborn in /mnt/aiongpfs/users/mgiorgi/venv_aion/lib/python3.8/site-packages (0.13.2)
Requirement already satisfied: pygmtools in /mnt/aiongpfs/users/mgiorgi/venv_aion/lib/python3.8/site-packages (0.5.3)
Requirement already satisfied: numpy in /mnt/aiongpfs/users/mgiorgi/venv_aion/lib/python3.8/site-packages (1.24.3)
Requirement already satisfied: moviepy<2.0.0 in /mnt/aiongpfs/users/mgiorgi/venv_aion/lib/python3.8/site-packages (1.0.3)
Requirement already satisfied: matplotlib in /mnt/aiongpfs/users/mgiorgi/venv_aion/lib/python3.8/site-packages (3.7.5)
Requirement already satisfied: tensorboard in /mnt/aiongpfs/users/mgiorgi/venv_aion/lib/python3.8/site-packages (2.13.0)
Requirement already satisfied: optuna in /mnt/aiongpfs/users/mgiorgi/venv_aion/lib/python3.8/site-packages (4.2.1)
Collecting plotly
  Downloading plotly-6.0.1-py3-none-any.whl (14.8 MB)
Collecting kaleido
  Downloading kaleido-0.2.1-py2.py3-none-manylinux1_x86_64.whl (79.9 MB)
Requirement already satisfied: filelock in /mnt/aiongpfs/users/mgiorgi/venv_aion/lib/python3.8/site-packages (from torch) (3.16.1)
Requirement already satisfied: nvidia-nccl-cu12==2.20.5; platform_system == "Linux" and platform_machine == "x86_64" in /mnt/aiongpfs/users/mgiorgi/venv_aion/lib/python3.8/site-packages (from torch) (2.20.5)
Requirement already satisfied: nvidia-cudnn-cu12==9.1.0.70; platform_system == "Linux" and platform_machine == "x86_64" in /mnt/aiongpfs/users/mgiorgi/venv_aion/lib/python3.8/site-packages (from torch) (9.1.0.70)
Requirement already satisfied: nvidia-cufft-cu12==11.0.2.54; platform_system == "Linux" and platform_machine == "x86_64" in /mnt/aiongpfs/users/mgiorgi/venv_aion/lib/python3.8/site-packages (from torch) (11.0.2.54)
Requirement already satisfied: jinja2 in /mnt/aiongpfs/users/mgiorgi/venv_aion/lib/python3.8/site-packages (from torch) (3.1.6)
Requirement already satisfied: nvidia-cusparse-cu12==12.1.0.106; platform_system == "Linux" and platform_machine == "x86_64" in /mnt/aiongpfs/users/mgiorgi/venv_aion/lib/python3.8/site-packages (from torch) (12.1.0.106)
Requirement already satisfied: nvidia-nvtx-cu12==12.1.105; platform_system == "Linux" and platform_machine == "x86_64" in /mnt/aiongpfs/users/mgiorgi/venv_aion/lib/python3.8/site-packages (from torch) (12.1.105)
Requirement already satisfied: sympy in /mnt/aiongpfs/users/mgiorgi/venv_aion/lib/python3.8/site-packages (from torch) (1.13.3)
Requirement already satisfied: nvidia-cusolver-cu12==11.4.5.107; platform_system == "Linux" and platform_machine == "x86_64" in /mnt/aiongpfs/users/mgiorgi/venv_aion/lib/python3.8/site-packages (from torch) (11.4.5.107)
Requirement already satisfied: nvidia-cuda-cupti-cu12==12.1.105; platform_system == "Linux" and platform_machine == "x86_64" in /mnt/aiongpfs/users/mgiorgi/venv_aion/lib/python3.8/site-packages (from torch) (12.1.105)
Requirement already satisfied: triton==3.0.0; platform_system == "Linux" and platform_machine == "x86_64" and python_version < "3.13" in /mnt/aiongpfs/users/mgiorgi/venv_aion/lib/python3.8/site-packages (from torch) (3.0.0)
Requirement already satisfied: typing-extensions>=4.8.0 in /mnt/aiongpfs/users/mgiorgi/venv_aion/lib/python3.8/site-packages (from torch) (4.12.2)
Requirement already satisfied: nvidia-cuda-nvrtc-cu12==12.1.105; platform_system == "Linux" and platform_machine == "x86_64" in /mnt/aiongpfs/users/mgiorgi/venv_aion/lib/python3.8/site-packages (from torch) (12.1.105)
Requirement already satisfied: networkx in /mnt/aiongpfs/users/mgiorgi/venv_aion/lib/python3.8/site-packages (from torch) (3.1)
Requirement already satisfied: nvidia-curand-cu12==10.3.2.106; platform_system == "Linux" and platform_machine == "x86_64" in /mnt/aiongpfs/users/mgiorgi/venv_aion/lib/python3.8/site-packages (from torch) (10.3.2.106)
Requirement already satisfied: nvidia-cublas-cu12==12.1.3.1; platform_system == "Linux" and platform_machine == "x86_64" in /mnt/aiongpfs/users/mgiorgi/venv_aion/lib/python3.8/site-packages (from torch) (12.1.3.1)
Requirement already satisfied: nvidia-cuda-runtime-cu12==12.1.105; platform_system == "Linux" and platform_machine == "x86_64" in /mnt/aiongpfs/users/mgiorgi/venv_aion/lib/python3.8/site-packages (from torch) (12.1.105)
Requirement already satisfied: fsspec in /mnt/aiongpfs/users/mgiorgi/venv_aion/lib/python3.8/site-packages (from torch) (2025.3.0)
Requirement already satisfied: requests in /mnt/aiongpfs/users/mgiorgi/venv_aion/lib/python3.8/site-packages (from torch-geometric) (2.32.3)
Requirement already satisfied: tqdm in /mnt/aiongpfs/users/mgiorgi/venv_aion/lib/python3.8/site-packages (from torch-geometric) (4.67.1)
Requirement already satisfied: pyparsing in /mnt/aiongpfs/users/mgiorgi/venv_aion/lib/python3.8/site-packages (from torch-geometric) (3.1.4)
Requirement already satisfied: aiohttp in /mnt/aiongpfs/users/mgiorgi/venv_aion/lib/python3.8/site-packages (from torch-geometric) (3.10.11)
Requirement already satisfied: psutil>=5.8.0 in /mnt/aiongpfs/users/mgiorgi/venv_aion/lib/python3.8/site-packages (from torch-geometric) (7.0.0)
Requirement already satisfied: scipy>=1.5.0 in /mnt/aiongpfs/users/mgiorgi/venv_aion/lib/python3.8/site-packages (from scikit-learn) (1.10.1)
Requirement already satisfied: joblib>=1.1.1 in /mnt/aiongpfs/users/mgiorgi/venv_aion/lib/python3.8/site-packages (from scikit-learn) (1.4.2)
Requirement already satisfied: threadpoolctl>=2.0.0 in /mnt/aiongpfs/users/mgiorgi/venv_aion/lib/python3.8/site-packages (from scikit-learn) (3.5.0)
Requirement already satisfied: pytz>=2020.1 in /mnt/aiongpfs/users/mgiorgi/venv_aion/lib/python3.8/site-packages (from pandas) (2025.1)
Requirement already satisfied: python-dateutil>=2.8.2 in /mnt/aiongpfs/users/mgiorgi/venv_aion/lib/python3.8/site-packages (from pandas) (2.9.0.post0)
Requirement already satisfied: tzdata>=2022.1 in /mnt/aiongpfs/users/mgiorgi/venv_aion/lib/python3.8/site-packages (from pandas) (2025.2)
Requirement already satisfied: Pillow>=7.2.0 in /mnt/aiongpfs/users/mgiorgi/venv_aion/lib/python3.8/site-packages (from pygmtools) (10.4.0)
Requirement already satisfied: easydict>=1.7 in /mnt/aiongpfs/users/mgiorgi/venv_aion/lib/python3.8/site-packages (from pygmtools) (1.13)
Requirement already satisfied: appdirs>=1.4.4 in /mnt/aiongpfs/users/mgiorgi/venv_aion/lib/python3.8/site-packages (from pygmtools) (1.4.4)
Requirement already satisfied: async-timeout in /mnt/aiongpfs/users/mgiorgi/venv_aion/lib/python3.8/site-packages (from pygmtools) (5.0.1)
Requirement already satisfied: decorator<5.0,>=4.0.2 in /mnt/aiongpfs/users/mgiorgi/venv_aion/lib/python3.8/site-packages (from moviepy<2.0.0) (4.4.2)
Requirement already satisfied: imageio-ffmpeg>=0.2.0; python_version >= "3.4" in /mnt/aiongpfs/users/mgiorgi/venv_aion/lib/python3.8/site-packages (from moviepy<2.0.0) (0.5.1)
Requirement already satisfied: imageio<3.0,>=2.5; python_version >= "3.4" in /mnt/aiongpfs/users/mgiorgi/venv_aion/lib/python3.8/site-packages (from moviepy<2.0.0) (2.35.1)
Requirement already satisfied: proglog<=1.0.0 in /mnt/aiongpfs/users/mgiorgi/venv_aion/lib/python3.8/site-packages (from moviepy<2.0.0) (0.1.11)
Requirement already satisfied: importlib-resources>=3.2.0; python_version < "3.10" in /mnt/aiongpfs/users/mgiorgi/venv_aion/lib/python3.8/site-packages (from matplotlib) (6.4.5)
Requirement already satisfied: packaging>=20.0 in /mnt/aiongpfs/users/mgiorgi/venv_aion/lib/python3.8/site-packages (from matplotlib) (24.2)
Requirement already satisfied: cycler>=0.10 in /mnt/aiongpfs/users/mgiorgi/venv_aion/lib/python3.8/site-packages (from matplotlib) (0.12.1)
Requirement already satisfied: contourpy>=1.0.1 in /mnt/aiongpfs/users/mgiorgi/venv_aion/lib/python3.8/site-packages (from matplotlib) (1.1.1)
Requirement already satisfied: kiwisolver>=1.0.1 in /mnt/aiongpfs/users/mgiorgi/venv_aion/lib/python3.8/site-packages (from matplotlib) (1.4.7)
Requirement already satisfied: fonttools>=4.22.0 in /mnt/aiongpfs/users/mgiorgi/venv_aion/lib/python3.8/site-packages (from matplotlib) (4.56.0)
Requirement already satisfied: setuptools>=41.0.0 in /mnt/aiongpfs/users/mgiorgi/venv_aion/lib/python3.8/site-packages (from tensorboard) (49.2.1)
Requirement already satisfied: wheel>=0.26 in /mnt/aiongpfs/users/mgiorgi/venv_aion/lib/python3.8/site-packages (from tensorboard) (0.45.1)
Requirement already satisfied: protobuf>=3.19.6 in /mnt/aiongpfs/users/mgiorgi/venv_aion/lib/python3.8/site-packages (from tensorboard) (4.25.6)
Requirement already satisfied: markdown>=2.6.8 in /mnt/aiongpfs/users/mgiorgi/venv_aion/lib/python3.8/site-packages (from tensorboard) (3.7)
Requirement already satisfied: google-auth-oauthlib<1.1,>=0.5 in /mnt/aiongpfs/users/mgiorgi/venv_aion/lib/python3.8/site-packages (from tensorboard) (1.0.0)
Requirement already satisfied: absl-py>=0.4 in /mnt/aiongpfs/users/mgiorgi/venv_aion/lib/python3.8/site-packages (from tensorboard) (2.1.0)
Requirement already satisfied: werkzeug>=1.0.1 in /mnt/aiongpfs/users/mgiorgi/venv_aion/lib/python3.8/site-packages (from tensorboard) (3.0.6)
Requirement already satisfied: grpcio>=1.48.2 in /mnt/aiongpfs/users/mgiorgi/venv_aion/lib/python3.8/site-packages (from tensorboard) (1.70.0)
Requirement already satisfied: tensorboard-data-server<0.8.0,>=0.7.0 in /mnt/aiongpfs/users/mgiorgi/venv_aion/lib/python3.8/site-packages (from tensorboard) (0.7.2)
Requirement already satisfied: google-auth<3,>=1.6.3 in /mnt/aiongpfs/users/mgiorgi/venv_aion/lib/python3.8/site-packages (from tensorboard) (2.38.0)
Requirement already satisfied: alembic>=1.5.0 in /mnt/aiongpfs/users/mgiorgi/venv_aion/lib/python3.8/site-packages (from optuna) (1.14.1)
Requirement already satisfied: PyYAML in /mnt/aiongpfs/users/mgiorgi/venv_aion/lib/python3.8/site-packages (from optuna) (6.0.2)
Requirement already satisfied: sqlalchemy>=1.4.2 in /mnt/aiongpfs/users/mgiorgi/venv_aion/lib/python3.8/site-packages (from optuna) (2.0.40)
Requirement already satisfied: colorlog in /mnt/aiongpfs/users/mgiorgi/venv_aion/lib/python3.8/site-packages (from optuna) (6.9.0)
Requirement already satisfied: narwhals>=1.15.1 in /mnt/aiongpfs/users/mgiorgi/venv_aion/lib/python3.8/site-packages (from plotly) (1.39.0)
Requirement already satisfied: MarkupSafe>=2.0 in /mnt/aiongpfs/users/mgiorgi/venv_aion/lib/python3.8/site-packages (from jinja2->torch) (2.1.5)
Requirement already satisfied: nvidia-nvjitlink-cu12 in /mnt/aiongpfs/users/mgiorgi/venv_aion/lib/python3.8/site-packages (from nvidia-cusparse-cu12==12.1.0.106; platform_system == "Linux" and platform_machine == "x86_64"->torch) (12.8.93)
Requirement already satisfied: mpmath<1.4,>=1.1.0 in /mnt/aiongpfs/users/mgiorgi/venv_aion/lib/python3.8/site-packages (from sympy->torch) (1.3.0)
Requirement already satisfied: certifi>=2017.4.17 in /mnt/aiongpfs/users/mgiorgi/venv_aion/lib/python3.8/site-packages (from requests->torch-geometric) (2025.1.31)
Requirement already satisfied: urllib3<3,>=1.21.1 in /mnt/aiongpfs/users/mgiorgi/venv_aion/lib/python3.8/site-packages (from requests->torch-geometric) (2.2.3)
Requirement already satisfied: charset-normalizer<4,>=2 in /mnt/aiongpfs/users/mgiorgi/venv_aion/lib/python3.8/site-packages (from requests->torch-geometric) (3.4.1)
Requirement already satisfied: idna<4,>=2.5 in /mnt/aiongpfs/users/mgiorgi/venv_aion/lib/python3.8/site-packages (from requests->torch-geometric) (3.10)
Requirement already satisfied: yarl<2.0,>=1.12.0 in /mnt/aiongpfs/users/mgiorgi/venv_aion/lib/python3.8/site-packages (from aiohttp->torch-geometric) (1.15.2)
Requirement already satisfied: frozenlist>=1.1.1 in /mnt/aiongpfs/users/mgiorgi/venv_aion/lib/python3.8/site-packages (from aiohttp->torch-geometric) (1.5.0)
Requirement already satisfied: attrs>=17.3.0 in /mnt/aiongpfs/users/mgiorgi/venv_aion/lib/python3.8/site-packages (from aiohttp->torch-geometric) (25.1.0)
Requirement already satisfied: multidict<7.0,>=4.5 in /mnt/aiongpfs/users/mgiorgi/venv_aion/lib/python3.8/site-packages (from aiohttp->torch-geometric) (6.1.0)
Requirement already satisfied: aiohappyeyeballs>=2.3.0 in /mnt/aiongpfs/users/mgiorgi/venv_aion/lib/python3.8/site-packages (from aiohttp->torch-geometric) (2.4.4)
Requirement already satisfied: aiosignal>=1.1.2 in /mnt/aiongpfs/users/mgiorgi/venv_aion/lib/python3.8/site-packages (from aiohttp->torch-geometric) (1.3.1)
Requirement already satisfied: six>=1.5 in /mnt/aiongpfs/users/mgiorgi/venv_aion/lib/python3.8/site-packages (from python-dateutil>=2.8.2->pandas) (1.17.0)
Requirement already satisfied: zipp>=3.1.0; python_version < "3.10" in /mnt/aiongpfs/users/mgiorgi/venv_aion/lib/python3.8/site-packages (from importlib-resources>=3.2.0; python_version < "3.10"->matplotlib) (3.20.2)
Requirement already satisfied: importlib-metadata>=4.4; python_version < "3.10" in /mnt/aiongpfs/users/mgiorgi/venv_aion/lib/python3.8/site-packages (from markdown>=2.6.8->tensorboard) (8.5.0)
Requirement already satisfied: requests-oauthlib>=0.7.0 in /mnt/aiongpfs/users/mgiorgi/venv_aion/lib/python3.8/site-packages (from google-auth-oauthlib<1.1,>=0.5->tensorboard) (2.0.0)
Requirement already satisfied: cachetools<6.0,>=2.0.0 in /mnt/aiongpfs/users/mgiorgi/venv_aion/lib/python3.8/site-packages (from google-auth<3,>=1.6.3->tensorboard) (5.5.2)
Requirement already satisfied: rsa<5,>=3.1.4 in /mnt/aiongpfs/users/mgiorgi/venv_aion/lib/python3.8/site-packages (from google-auth<3,>=1.6.3->tensorboard) (4.9)
Requirement already satisfied: pyasn1-modules>=0.2.1 in /mnt/aiongpfs/users/mgiorgi/venv_aion/lib/python3.8/site-packages (from google-auth<3,>=1.6.3->tensorboard) (0.4.1)
Requirement already satisfied: Mako in /mnt/aiongpfs/users/mgiorgi/venv_aion/lib/python3.8/site-packages (from alembic>=1.5.0->optuna) (1.3.9)
Requirement already satisfied: greenlet>=1; python_version < "3.14" and (platform_machine == "aarch64" or (platform_machine == "ppc64le" or (platform_machine == "x86_64" or (platform_machine == "amd64" or (platform_machine == "AMD64" or (platform_machine == "win32" or platform_machine == "WIN32")))))) in /mnt/aiongpfs/users/mgiorgi/venv_aion/lib/python3.8/site-packages (from sqlalchemy>=1.4.2->optuna) (3.1.1)
Requirement already satisfied: propcache>=0.2.0 in /mnt/aiongpfs/users/mgiorgi/venv_aion/lib/python3.8/site-packages (from yarl<2.0,>=1.12.0->aiohttp->torch-geometric) (0.2.0)
Requirement already satisfied: oauthlib>=3.0.0 in /mnt/aiongpfs/users/mgiorgi/venv_aion/lib/python3.8/site-packages (from requests-oauthlib>=0.7.0->google-auth-oauthlib<1.1,>=0.5->tensorboard) (3.2.2)
Requirement already satisfied: pyasn1>=0.1.3 in /mnt/aiongpfs/users/mgiorgi/venv_aion/lib/python3.8/site-packages (from rsa<5,>=3.1.4->google-auth<3,>=1.6.3->tensorboard) (0.6.1)
Installing collected packages: plotly, kaleido
Successfully installed kaleido-0.2.1 plotly-6.0.1
WARNING: You are using pip version 20.2.1; however, version 25.0.1 is available.
You should consider upgrading via the '/mnt/aiongpfs/users/mgiorgi/venv_aion/bin/python3 -m pip install --upgrade pip' command.
PyTorch version: 2.4.1+cu121
CUDA version: 12.1
nvcc is not installed or not in PATH.
Tue May 13 11:16:28 2025       
+-----------------------------------------------------------------------------------------+
| NVIDIA-SMI 565.57.01              Driver Version: 565.57.01      CUDA Version: 12.7     |
|-----------------------------------------+------------------------+----------------------+
| GPU  Name                 Persistence-M | Bus-Id          Disp.A | Volatile Uncorr. ECC |
| Fan  Temp   Perf          Pwr:Usage/Cap |           Memory-Usage | GPU-Util  Compute M. |
|                                         |                        |               MIG M. |
|=========================================+========================+======================|
|   0  Tesla V100-SXM2-16GB           On  |   00000000:1C:00.0 Off |                    0 |
| N/A   39C    P0             43W /  300W |       1MiB /  16384MiB |      0%      Default |
|                                         |                        |                  N/A |
+-----------------------------------------+------------------------+----------------------+
                                                                                         
+-----------------------------------------------------------------------------------------+
| Processes:                                                                              |
|  GPU   GI   CI        PID   Type   Process name                              GPU Memory |
|        ID   ID                                                               Usage      |
|=========================================================================================|
|  No running processes found                                                             |
+-----------------------------------------------------------------------------------------+
Loading dataset...
Loaded 4895 pairs from ./GNN/preprocessed/graph_matching/equal/original.pkl
Loaded 4895 pairs from ./GNN/preprocessed/graph_matching/global_local/noise.pkl
Loaded 3426 pairs from ./GNN/preprocessed/graph_matching/global_local/train_dataset.pkl
Loaded 734 pairs from ./GNN/preprocessed/graph_matching/global_local/valid_dataset.pkl
Loaded 735 pairs from ./GNN/preprocessed/graph_matching/global_local/test_dataset.pkl
Starting hyperparameter optimization...
[I 2025-05-13 11:16:57,279] A new study created in memory with name: no-name-c8971e6d-ecef-40c2-9ca5-b5a0a1fb5c1c
[I 2025-05-13 11:24:58,773] Trial 0 finished with value: 0.061358135355555496 and parameters: {'lr': 0.0017331643535477414, 'dropout': 0.06827355462363364, 'heads': 2, 'attn_dropout': 0.4544769096422596, 'num_layers': 1}. Best is trial 0 with value: 0.061358135355555496.
[I 2025-05-13 11:33:28,222] Trial 1 finished with value: 0.06800198895127876 and parameters: {'lr': 0.0001231618624651674, 'dropout': 0.3155621243802237, 'heads': 1, 'attn_dropout': 0.21411620258937863, 'num_layers': 1}. Best is trial 0 with value: 0.061358135355555496.
[I 2025-05-13 11:42:42,969] Trial 2 finished with value: 0.029497941348539745 and parameters: {'lr': 0.0015208588248245573, 'dropout': 0.25453883665684657, 'heads': 4, 'attn_dropout': 0.24840872589410315, 'num_layers': 3}. Best is trial 2 with value: 0.029497941348539745.
[I 2025-05-13 11:48:04,736] Trial 3 finished with value: 0.06009355397975963 and parameters: {'lr': 0.0029451962737777515, 'dropout': 0.5577859304174368, 'heads': 1, 'attn_dropout': 0.21662355625608887, 'num_layers': 1}. Best is trial 2 with value: 0.029497941348539745.
[I 2025-05-13 11:56:31,478] Trial 4 finished with value: 0.03054945689180623 and parameters: {'lr': 0.0005517625137854005, 'dropout': 0.19293069171285931, 'heads': 4, 'attn_dropout': 0.0569184020965455, 'num_layers': 1}. Best is trial 2 with value: 0.029497941348539745.
