[I 2025-05-13 11:57:06,213] Trial 5 pruned. 
[I 2025-05-13 11:57:23,399] Trial 6 pruned. 
[I 2025-05-13 11:57:41,451] Trial 7 pruned. 
[I 2025-05-13 12:03:21,884] Trial 8 pruned. 
[I 2025-05-13 12:11:12,525] Trial 9 pruned. 
[I 2025-05-13 12:18:37,701] Trial 10 finished with value: 0.04006394079845885 and parameters: {'lr': 0.00940163235761395, 'dropout': 0.233571820670272, 'heads': 4, 'attn_dropout': 0.3714271912794876, 'num_layers': 3}. Best is trial 2 with value: 0.029497941348539745.
[I 2025-05-13 12:18:55,425] Trial 11 pruned. 
[I 2025-05-13 12:27:45,329] Trial 12 finished with value: 0.02609873129783765 and parameters: {'lr': 0.0009888622680039995, 'dropout': 0.2615606399925325, 'heads': 4, 'attn_dropout': 0.14614222015775744, 'num_layers': 3}. Best is trial 12 with value: 0.02609873129783765.
[I 2025-05-13 12:36:36,159] Trial 13 finished with value: 0.02808874881947818 and parameters: {'lr': 0.0012337608960665194, 'dropout': 0.3018348294863232, 'heads': 3, 'attn_dropout': 0.15138073328886223, 'num_layers': 3}. Best is trial 12 with value: 0.02609873129783765.
[I 2025-05-13 12:36:53,887] Trial 14 pruned. 
[I 2025-05-13 12:37:11,965] Trial 15 pruned. 
[I 2025-05-13 12:38:53,632] Trial 16 pruned. 
[I 2025-05-13 12:39:11,517] Trial 17 pruned. 
[I 2025-05-13 12:47:42,966] Trial 18 finished with value: 0.01997055485844612 and parameters: {'lr': 0.001212504578507609, 'dropout': 0.3608078963315655, 'heads': 4, 'attn_dropout': 0.12780855558844628, 'num_layers': 2}. Best is trial 18 with value: 0.01997055485844612.
[I 2025-05-13 12:47:59,902] Trial 19 pruned. 
[I 2025-05-13 12:48:17,047] Trial 20 pruned. 
[I 2025-05-13 12:48:52,916] Trial 21 pruned. 
[I 2025-05-13 12:57:22,089] Trial 22 finished with value: 0.009194988210726044 and parameters: {'lr': 0.0012630507821565753, 'dropout': 0.14736557029287134, 'heads': 4, 'attn_dropout': 0.12130722813369196, 'num_layers': 2}. Best is trial 22 with value: 0.009194988210726044.
[I 2025-05-13 12:57:38,999] Trial 23 pruned. 
[I 2025-05-13 12:57:56,033] Trial 24 pruned. 
[I 2025-05-13 12:58:13,035] Trial 25 pruned. 
[I 2025-05-13 12:58:30,103] Trial 26 pruned. 
[I 2025-05-13 12:58:47,189] Trial 27 pruned. 
[I 2025-05-13 12:59:04,226] Trial 28 pruned. 
[I 2025-05-13 12:59:20,600] Trial 29 pruned. 
=== SLURM JOB ENDED ===
