[I 2025-07-15 06:33:03,986] Trial 0 finished with value: 0.06109597063378284 and parameters: {'lr': 0.002859839018072341, 'weight_decay': 3.5062569221439206e-06, 'hidden_dim': 64, 'out_dim': 32, 'batch_size': 8, 'dropout_emb': 0.5452827188350928, 'attn_dropout': 0.46211914790799513, 'num_layers': 1, 'heads': 4}. Best is trial 0 with value: 0.06109597063378284.
[I 2025-07-15 09:10:23,047] Trial 1 finished with value: 0.06907291859388351 and parameters: {'lr': 0.008687091573079047, 'weight_decay': 6.31621109899549e-05, 'hidden_dim': 64, 'out_dim': 16, 'batch_size': 32, 'dropout_emb': 0.398775636365947, 'attn_dropout': 0.06319835964591307, 'num_layers': 3, 'heads': 3}. Best is trial 0 with value: 0.06109597063378284.
[I 2025-07-15 11:27:25,209] Trial 2 finished with value: 0.0628240779042244 and parameters: {'lr': 0.003558809221522768, 'weight_decay': 1.6668783668909511e-06, 'hidden_dim': 64, 'out_dim': 64, 'batch_size': 32, 'dropout_emb': 0.07716925166720316, 'attn_dropout': 0.4700374044963369, 'num_layers': 2, 'heads': 1}. Best is trial 0 with value: 0.06109597063378284.
[I 2025-07-15 13:03:29,613] Trial 3 finished with value: 0.06932341903448105 and parameters: {'lr': 0.0003953045035991609, 'weight_decay': 8.838987841770968e-06, 'hidden_dim': 128, 'out_dim': 64, 'batch_size': 32, 'dropout_emb': 0.5009840416482066, 'attn_dropout': 0.12171990630290723, 'num_layers': 2, 'heads': 4}. Best is trial 0 with value: 0.06109597063378284.
[I 2025-07-15 14:37:40,115] Trial 4 finished with value: 0.06683093132941346 and parameters: {'lr': 0.0003690375612909524, 'weight_decay': 2.063212706526527e-05, 'hidden_dim': 128, 'out_dim': 16, 'batch_size': 8, 'dropout_emb': 0.49817014494794265, 'attn_dropout': 0.10737454361519184, 'num_layers': 2, 'heads': 3}. Best is trial 0 with value: 0.06109597063378284.
[I 2025-07-15 14:41:49,698] Trial 5 pruned. 
[I 2025-07-15 14:45:13,787] Trial 6 pruned. 
[I 2025-07-15 14:48:55,092] Trial 7 pruned. 
[I 2025-07-15 16:32:35,047] Trial 8 finished with value: 0.059255048632621765 and parameters: {'lr': 0.007751162444740583, 'weight_decay': 2.7447883250291648e-05, 'hidden_dim': 64, 'out_dim': 32, 'batch_size': 32, 'dropout_emb': 0.26021851247003264, 'attn_dropout': 0.06260921984114251, 'num_layers': 3, 'heads': 3}. Best is trial 8 with value: 0.059255048632621765.
[I 2025-07-15 16:35:57,719] Trial 9 pruned. 
[I 2025-07-15 16:39:47,260] Trial 10 pruned. 
[I 2025-07-15 19:25:36,330] Trial 11 finished with value: 0.06300253087752744 and parameters: {'lr': 0.007898012757069457, 'weight_decay': 2.1173747718973233e-06, 'hidden_dim': 64, 'out_dim': 32, 'batch_size': 8, 'dropout_emb': 0.36486373166215047, 'attn_dropout': 0.5973937799714436, 'num_layers': 1, 'heads': 4}. Best is trial 8 with value: 0.059255048632621765.
[I 2025-07-15 20:26:44,295] Trial 12 finished with value: 0.05102461576461792 and parameters: {'lr': 0.0024294377168848726, 'weight_decay': 1.199681785970458e-05, 'hidden_dim': 64, 'out_dim': 32, 'batch_size': 32, 'dropout_emb': 0.1745276275042411, 'attn_dropout': 0.21118970574102064, 'num_layers': 1, 'heads': 4}. Best is trial 12 with value: 0.05102461576461792.
[I 2025-07-15 21:39:54,147] Trial 13 finished with value: 0.05008644983172417 and parameters: {'lr': 0.0037166661377091444, 'weight_decay': 1.5460339656402753e-05, 'hidden_dim': 64, 'out_dim': 32, 'batch_size': 32, 'dropout_emb': 0.16992907731352663, 'attn_dropout': 0.19575628615275664, 'num_layers': 1, 'heads': 2}. Best is trial 13 with value: 0.05008644983172417.
[I 2025-07-15 21:49:10,786] Trial 14 pruned. 
[I 2025-07-15 22:59:42,568] Trial 15 finished with value: 0.05011826232075691 and parameters: {'lr': 0.0038345657394451217, 'weight_decay': 1.552881210487185e-05, 'hidden_dim': 64, 'out_dim': 32, 'batch_size': 32, 'dropout_emb': 0.14243412594371543, 'attn_dropout': 0.21032619106531286, 'num_layers': 1, 'heads': 2}. Best is trial 13 with value: 0.05008644983172417.
[I 2025-07-15 23:02:57,883] Trial 16 pruned. 
[I 2025-07-15 23:12:41,259] Trial 17 pruned. 
[I 2025-07-15 23:16:47,404] Trial 18 pruned. 
[I 2025-07-15 23:30:31,732] Trial 19 pruned. 
[I 2025-07-15 23:33:26,496] Trial 20 pruned. 
[I 2025-07-16 00:46:03,052] Trial 21 finished with value: 0.054521165788173676 and parameters: {'lr': 0.0022413567932881356, 'weight_decay': 9.759398200805933e-06, 'hidden_dim': 64, 'out_dim': 32, 'batch_size': 32, 'dropout_emb': 0.19209704765738067, 'attn_dropout': 0.26323594519107274, 'num_layers': 1, 'heads': 2}. Best is trial 13 with value: 0.05008644983172417.
[I 2025-07-16 01:45:00,456] Trial 22 finished with value: 0.0509053684771061 and parameters: {'lr': 0.002422703499326599, 'weight_decay': 1.3689771503474335e-05, 'hidden_dim': 64, 'out_dim': 32, 'batch_size': 32, 'dropout_emb': 0.17286125272007286, 'attn_dropout': 0.1729790632619218, 'num_layers': 1, 'heads': 4}. Best is trial 13 with value: 0.05008644983172417.
[I 2025-07-16 03:10:17,702] Trial 23 finished with value: 0.05756579041481018 and parameters: {'lr': 0.005577362536828081, 'weight_decay': 4.398731744248074e-06, 'hidden_dim': 64, 'out_dim': 32, 'batch_size': 32, 'dropout_emb': 0.24970451547774136, 'attn_dropout': 0.16430857066615626, 'num_layers': 2, 'heads': 3}. Best is trial 13 with value: 0.05008644983172417.
[I 2025-07-16 03:13:25,289] Trial 24 pruned. 
[I 2025-07-16 03:20:02,136] Trial 25 pruned. 
[I 2025-07-16 03:22:54,411] Trial 26 pruned. 
[I 2025-07-16 04:04:42,501] Trial 27 finished with value: 0.04877714812755585 and parameters: {'lr': 0.005399115035826109, 'weight_decay': 3.5387045372441486e-05, 'hidden_dim': 64, 'out_dim': 32, 'batch_size': 32, 'dropout_emb': 0.05639706560320622, 'attn_dropout': 0.025663197559794626, 'num_layers': 2, 'heads': 2}. Best is trial 27 with value: 0.04877714812755585.
[I 2025-07-16 04:41:05,453] Trial 28 finished with value: 0.04950457140803337 and parameters: {'lr': 0.006641579774365753, 'weight_decay': 3.0374372468561454e-05, 'hidden_dim': 64, 'out_dim': 16, 'batch_size': 32, 'dropout_emb': 0.04584930683857923, 'attn_dropout': 0.010973269436138232, 'num_layers': 2, 'heads': 2}. Best is trial 27 with value: 0.04877714812755585.
[I 2025-07-16 05:20:15,392] Trial 29 finished with value: 0.050528097152709964 and parameters: {'lr': 0.006736264266934009, 'weight_decay': 2.9403099194860187e-05, 'hidden_dim': 32, 'out_dim': 16, 'batch_size': 16, 'dropout_emb': 0.06587133317648093, 'attn_dropout': 0.008348279220012411, 'num_layers': 2, 'heads': 2}. Best is trial 27 with value: 0.04877714812755585.
Best hyperparameters:  {'lr': 0.005399115035826109, 'weight_decay': 3.5387045372441486e-05, 'hidden_dim': 64, 'out_dim': 32, 'batch_size': 32, 'dropout_emb': 0.05639706560320622, 'attn_dropout': 0.025663197559794626, 'num_layers': 2, 'heads': 2}
Best trial:  FrozenTrial(number=27, state=TrialState.COMPLETE, values=[0.04877714812755585], datetime_start=datetime.datetime(2025, 7, 12, 2, 33, 2, 679988), datetime_complete=datetime.datetime(2025, 7, 12, 2, 46, 54, 195601), params={'lr': 0.005399115035826109, 'weight_decay': 3.5387045372441486e-05, 'hidden_dim': 64, 'out_dim': 32, 'batch_size': 32, 'dropout_emb': 0.05639706560320622, 'attn_dropout': 0.025663197559794626, 'num_layers': 2, 'heads': 2}, user_attrs={}, system_attrs={}, intermediate_values={0: 0.06833756007254124, 1: 0.06497519798576831, 2: 0.06258155032992363, 3: 0.0595536082983017, 4: 0.05683705136179924, 5: 0.05444449186325073, 6: 0.052787290513515474, 7: 0.05125361867249012, 8: 0.05025652907788754, 9: 0.0495284654200077, 10: 0.049041204154491425, 11: 0.04864887706935406, 12: 0.04836931526660919, 13: 0.048053189367055896, 14: 0.047873449698090556, 15: 0.047674285247921944, 16: 0.04748601764440537, 17: 0.04739731140434742, 18: 0.047271668910980225, 19: 0.04717385768890381, 20: 0.04717150516808033, 21: 0.04705516882240772, 22: 0.04698969349265099, 23: 0.0469231016933918, 24: 0.046846257895231246, 25: 0.046791770681738856, 26: 0.046766060218214986, 27: 0.04667842797935009, 28: 0.046656885743141176, 29: 0.04658520892262459}, distributions={'lr': FloatDistribution(high=0.01, log=True, low=0.0001, step=None), 'weight_decay': FloatDistribution(high=0.001, log=True, low=1e-06, step=None), 'hidden_dim': CategoricalDistribution(choices=(32, 64, 128)), 'out_dim': CategoricalDistribution(choices=(16, 32, 64)), 'batch_size': CategoricalDistribution(choices=(8, 16, 32)), 'dropout_emb': FloatDistribution(high=0.6, log=False, low=0.0, step=None), 'attn_dropout': FloatDistribution(high=0.6, log=False, low=0.0, step=None), 'num_layers': IntDistribution(high=3, log=False, low=1, step=1), 'heads': IntDistribution(high=4, log=False, low=1, step=1)}, trial_id=27, value=None)
Best value:  0.04877714812755585
=== SLURM JOB ENDED ===
