[I 2025-07-11 15:18:23,775] Trial 0 finished with value: 0.06935996562242508 and parameters: {'lr': 0.0001289557553984746, 'weight_decay': 2.6216283893566856e-05, 'hidden_dim': 64, 'out_dim': 16, 'batch_size': 16, 'dropout_emb': 0.24565446559212373, 'attn_dropout': 0.28738362644480137, 'num_layers': 1, 'heads': 2}. Best is trial 0 with value: 0.06935996562242508.
[I 2025-07-11 16:11:06,512] Trial 1 finished with value: 0.050455860793590546 and parameters: {'lr': 0.0028046048197842843, 'weight_decay': 8.857467212591926e-06, 'hidden_dim': 128, 'out_dim': 64, 'batch_size': 16, 'dropout_emb': 0.09927676047872835, 'attn_dropout': 0.30988854681073463, 'num_layers': 2, 'heads': 4}. Best is trial 1 with value: 0.050455860793590546.
[I 2025-07-11 18:25:25,117] Trial 2 finished with value: 0.0691177487373352 and parameters: {'lr': 0.0017387462011060051, 'weight_decay': 2.7899524172361062e-06, 'hidden_dim': 64, 'out_dim': 16, 'batch_size': 32, 'dropout_emb': 0.3994379638666338, 'attn_dropout': 0.5949905444256575, 'num_layers': 2, 'heads': 4}. Best is trial 1 with value: 0.050455860793590546.
[I 2025-07-11 19:49:23,379] Trial 3 finished with value: 0.06380710825324058 and parameters: {'lr': 0.004498771210763619, 'weight_decay': 2.1655600060277334e-05, 'hidden_dim': 64, 'out_dim': 16, 'batch_size': 32, 'dropout_emb': 0.27096923211983115, 'attn_dropout': 0.3710347391157964, 'num_layers': 2, 'heads': 3}. Best is trial 1 with value: 0.050455860793590546.
[I 2025-07-11 22:00:58,339] Trial 4 finished with value: 0.0655793265292519 and parameters: {'lr': 0.004331995075891425, 'weight_decay': 1.2652415002582116e-05, 'hidden_dim': 32, 'out_dim': 64, 'batch_size': 8, 'dropout_emb': 0.46119318230724315, 'attn_dropout': 0.4711148451130096, 'num_layers': 1, 'heads': 2}. Best is trial 1 with value: 0.050455860793590546.
[I 2025-07-11 22:04:49,360] Trial 5 pruned. 
[I 2025-07-11 23:59:24,786] Trial 6 finished with value: 0.06315165534615516 and parameters: {'lr': 0.008537280817436394, 'weight_decay': 0.0006704396271251952, 'hidden_dim': 64, 'out_dim': 32, 'batch_size': 32, 'dropout_emb': 0.5935812071476306, 'attn_dropout': 0.22316543696526428, 'num_layers': 1, 'heads': 3}. Best is trial 1 with value: 0.050455860793590546.
[I 2025-07-12 00:01:59,165] Trial 7 pruned. 
[I 2025-07-12 00:05:14,563] Trial 8 pruned. 
[I 2025-07-12 00:08:21,447] Trial 9 pruned. 
[I 2025-07-12 00:48:22,335] Trial 10 finished with value: 0.058630196377635 and parameters: {'lr': 0.00037378381349820384, 'weight_decay': 1.00949830429396e-06, 'hidden_dim': 128, 'out_dim': 64, 'batch_size': 16, 'dropout_emb': 0.00524599885235949, 'attn_dropout': 0.10610833428424019, 'num_layers': 3, 'heads': 4}. Best is trial 1 with value: 0.050455860793590546.
[I 2025-07-12 01:27:10,703] Trial 11 finished with value: 0.05508614219725132 and parameters: {'lr': 0.00035936573669370165, 'weight_decay': 1.5166002303390453e-06, 'hidden_dim': 128, 'out_dim': 64, 'batch_size': 16, 'dropout_emb': 0.024727206349512233, 'attn_dropout': 0.013524599803474993, 'num_layers': 3, 'heads': 4}. Best is trial 1 with value: 0.050455860793590546.
[I 2025-07-12 02:04:33,980] Trial 12 finished with value: 0.05593274794518947 and parameters: {'lr': 0.0004432430021634924, 'weight_decay': 4.698660545769189e-06, 'hidden_dim': 128, 'out_dim': 64, 'batch_size': 16, 'dropout_emb': 0.12874295443916148, 'attn_dropout': 0.0035120962830286692, 'num_layers': 3, 'heads': 4}. Best is trial 1 with value: 0.050455860793590546.
[I 2025-07-12 02:14:56,774] Trial 13 pruned. 
[I 2025-07-12 02:18:35,873] Trial 14 pruned. 
[I 2025-07-12 02:30:07,465] Trial 15 pruned. 
[I 2025-07-12 02:33:02,679] Trial 16 pruned. 
[I 2025-07-12 02:46:54,196] Trial 17 finished with value: 0.04658520892262459 and parameters: {'lr': 0.0028916301151701547, 'weight_decay': 8.878057511894587e-06, 'hidden_dim': 128, 'out_dim': 64, 'batch_size': 16, 'dropout_emb': 0.007599065802787158, 'attn_dropout': 0.016489129995201614, 'num_layers': 1, 'heads': 3}. Best is trial 17 with value: 0.04658520892262459.
[I 2025-07-12 03:22:09,256] Trial 18 finished with value: 0.04925328530371189 and parameters: {'lr': 0.0029771485403431697, 'weight_decay': 8.165800969334247e-05, 'hidden_dim': 128, 'out_dim': 64, 'batch_size': 16, 'dropout_emb': 0.3444366901644429, 'attn_dropout': 0.12930950860053456, 'num_layers': 1, 'heads': 3}. Best is trial 17 with value: 0.04658520892262459.
[I 2025-07-12 04:01:17,431] Trial 19 finished with value: 0.05000623092055321 and parameters: {'lr': 0.004491402170659851, 'weight_decay': 9.643368459980247e-05, 'hidden_dim': 128, 'out_dim': 32, 'batch_size': 16, 'dropout_emb': 0.3193185482505984, 'attn_dropout': 0.1312952959641261, 'num_layers': 1, 'heads': 3}. Best is trial 17 with value: 0.04658520892262459.
[I 2025-07-12 04:49:42,898] Trial 20 pruned. 
[I 2025-07-12 05:30:06,170] Trial 21 finished with value: 0.04881999455392361 and parameters: {'lr': 0.004467839176752125, 'weight_decay': 0.00026059056972737004, 'hidden_dim': 128, 'out_dim': 32, 'batch_size': 16, 'dropout_emb': 0.3369788926078482, 'attn_dropout': 0.1471389162680671, 'num_layers': 1, 'heads': 3}. Best is trial 17 with value: 0.04658520892262459.
[I 2025-07-12 06:16:41,667] Trial 22 finished with value: 0.05592057332396507 and parameters: {'lr': 0.005815585453059346, 'weight_decay': 0.00023989789134646524, 'hidden_dim': 128, 'out_dim': 32, 'batch_size': 16, 'dropout_emb': 0.36177283107268826, 'attn_dropout': 0.14833276025414494, 'num_layers': 1, 'heads': 3}. Best is trial 17 with value: 0.04658520892262459.
[I 2025-07-12 06:30:03,881] Trial 23 pruned. 
[I 2025-07-12 06:55:12,596] Trial 24 finished with value: 0.04894273243844509 and parameters: {'lr': 0.00267114459677194, 'weight_decay': 0.0002719615107960494, 'hidden_dim': 128, 'out_dim': 32, 'batch_size': 16, 'dropout_emb': 0.2084124346424457, 'attn_dropout': 0.10394430304258764, 'num_layers': 1, 'heads': 3}. Best is trial 17 with value: 0.04658520892262459.
[I 2025-07-12 07:23:50,531] Trial 25 finished with value: 0.047690169885754585 and parameters: {'lr': 0.005845649759646163, 'weight_decay': 0.0002906111303967312, 'hidden_dim': 128, 'out_dim': 32, 'batch_size': 16, 'dropout_emb': 0.22057546144830387, 'attn_dropout': 0.037290552824635836, 'num_layers': 1, 'heads': 2}. Best is trial 17 with value: 0.04658520892262459.
[I 2025-07-12 07:58:44,263] Trial 26 finished with value: 0.049610624089837074 and parameters: {'lr': 0.006325104509580305, 'weight_decay': 0.00045023049346379053, 'hidden_dim': 128, 'out_dim': 32, 'batch_size': 16, 'dropout_emb': 0.2908317306315453, 'attn_dropout': 0.04040749675711609, 'num_layers': 1, 'heads': 2}. Best is trial 17 with value: 0.04658520892262459.
[I 2025-07-12 08:03:49,032] Trial 27 pruned. 
[I 2025-07-12 08:06:01,395] Trial 28 pruned. 
[I 2025-07-12 08:50:59,928] Trial 29 finished with value: 0.04885289190631164 and parameters: {'lr': 0.009328731382723119, 'weight_decay': 0.0001537459518218132, 'hidden_dim': 128, 'out_dim': 32, 'batch_size': 8, 'dropout_emb': 0.24710297131891032, 'attn_dropout': 0.08471982781661652, 'num_layers': 1, 'heads': 2}. Best is trial 17 with value: 0.04658520892262459.
Best hyperparameters:  {'lr': 0.0028916301151701547, 'weight_decay': 8.878057511894587e-06, 'hidden_dim': 128, 'out_dim': 64, 'batch_size': 16, 'dropout_emb': 0.007599065802787158, 'attn_dropout': 0.016489129995201614, 'num_layers': 1, 'heads': 3}
Best trial:  FrozenTrial(number=17, state=TrialState.COMPLETE, values=[0.04658520892262459], datetime_start=datetime.datetime(2025, 7, 12, 2, 33, 2, 679988), datetime_complete=datetime.datetime(2025, 7, 12, 2, 46, 54, 195601), params={'lr': 0.0028916301151701547, 'weight_decay': 8.878057511894587e-06, 'hidden_dim': 128, 'out_dim': 64, 'batch_size': 16, 'dropout_emb': 0.007599065802787158, 'attn_dropout': 0.016489129995201614, 'num_layers': 1, 'heads': 3}, user_attrs={}, system_attrs={}, intermediate_values={0: 0.06833756007254124, 1: 0.06497519798576831, 2: 0.06258155032992363, 3: 0.0595536082983017, 4: 0.05683705136179924, 5: 0.05444449186325073, 6: 0.052787290513515474, 7: 0.05125361867249012, 8: 0.05025652907788754, 9: 0.0495284654200077, 10: 0.049041204154491425, 11: 0.04864887706935406, 12: 0.04836931526660919, 13: 0.048053189367055896, 14: 0.047873449698090556, 15: 0.047674285247921944, 16: 0.04748601764440537, 17: 0.04739731140434742, 18: 0.047271668910980225, 19: 0.04717385768890381, 20: 0.04717150516808033, 21: 0.04705516882240772, 22: 0.04698969349265099, 23: 0.0469231016933918, 24: 0.046846257895231246, 25: 0.046791770681738856, 26: 0.046766060218214986, 27: 0.04667842797935009, 28: 0.046656885743141176, 29: 0.04658520892262459}, distributions={'lr': FloatDistribution(high=0.01, log=True, low=0.0001, step=None), 'weight_decay': FloatDistribution(high=0.001, log=True, low=1e-06, step=None), 'hidden_dim': CategoricalDistribution(choices=(32, 64, 128)), 'out_dim': CategoricalDistribution(choices=(16, 32, 64)), 'batch_size': CategoricalDistribution(choices=(8, 16, 32)), 'dropout_emb': FloatDistribution(high=0.6, log=False, low=0.0, step=None), 'attn_dropout': FloatDistribution(high=0.6, log=False, low=0.0, step=None), 'num_layers': IntDistribution(high=3, log=False, low=1, step=1), 'heads': IntDistribution(high=4, log=False, low=1, step=1)}, trial_id=17, value=None)
Best value:  0.04658520892262459
=== SLURM JOB ENDED ===
